<?xml version="1.0" encoding="utf-8"?><testsuites name="pytest tests"><testsuite name="GenPackageDoc" errors="0" failures="2" skipped="0" tests="2" time="0.264" timestamp="2026-05-26T12:22:53.237717+00:00" hostname="runnervmg397c"><testcase classname="selftest.test_GenPackageDoc.Test_GenPackageDoc" name="test_GenPackageDoc_1[Call GenPackageDoc for current repository]" time="0.121"><failure message="assert 1 == 0">self = &lt;test_GenPackageDoc.Test_GenPackageDoc object at 0x7f82c268b290&gt;
Description = 'Call GenPackageDoc for current repository'

    @pytest.mark.parametrize(
       "Description", ["Call GenPackageDoc for current repository",]
    )
    def test_GenPackageDoc_1(self, Description):
       """pytest 'GenPackageDoc'"""
    
       sPython           = CString.NormalizePath(sys.executable)
       sRepositoryFolder = os.path.dirname(os.path.dirname(os.path.dirname(os.path.realpath(__file__))))
       sGenPackageDoc    = CString.NormalizePath(f"{sRepositoryFolder}/genpackagedoc.py")
    
       listCmdLineParts = []
       listCmdLineParts.append(f"\"{sPython}\"")
       listCmdLineParts.append(f"\"{sGenPackageDoc}\"")
       sCmdLine = " ".join(listCmdLineParts)
       listCmdLineParts = shlex.split(sCmdLine)
       nReturn = subprocess.call(listCmdLineParts)
&gt;      assert nReturn == 0
E      assert 1 == 0

pytest/selftest/test_GenPackageDoc.py:53: AssertionError</failure></testcase><testcase classname="selftest.test_GenPackageDocReferencePackage.Test_GenPackageDocReferencePackage" name="test_GenPackageDocReferencePackage_1[Call GenPackageDoc for reference package]" time="0.104"><failure message="assert 1 == 0">self = &lt;test_GenPackageDocReferencePackage.Test_GenPackageDocReferencePackage object at 0x7f82c268bbf0&gt;
Description = 'Call GenPackageDoc for reference package'

    @pytest.mark.parametrize(
       "Description", ["Call GenPackageDoc for reference package",]
    )
    def test_GenPackageDocReferencePackage_1(self, Description):
       """pytest 'GenPackageDoc'"""
    
       sPython         = CString.NormalizePath(sys.executable)
       sSelftestFolder = os.path.dirname(os.path.realpath(__file__))
       sGenPackageDoc  = CString.NormalizePath(f"{sSelftestFolder}/reference-package-test/genpackagedoc.py")
    
       listCmdLineParts = []
       listCmdLineParts.append(f"\"{sPython}\"")
       listCmdLineParts.append(f"\"{sGenPackageDoc}\"")
       sCmdLine = " ".join(listCmdLineParts)
       listCmdLineParts = shlex.split(sCmdLine)
       nReturn = subprocess.call(listCmdLineParts)
&gt;      assert nReturn == 0
E      assert 1 == 0

pytest/selftest/test_GenPackageDocReferencePackage.py:53: AssertionError</failure></testcase></testsuite></testsuites>